init_fs
init_store
init_store: root object was found
init_store: root object found to be not empty
init_fs: root is not empty
newfs_getattr(path="/.Trash", statbuf=0xf4c68be0)
newfs_getattr(path="/.Trash-1000", statbuf=0xf5469be0)
newfs_getattr(path="/", statbuf=0xf4c68bb0)
newfs_getattr(path="/", statbuf=0xf5469bb0)
newfs_getattr(path="/", statbuf=0xf4c68bb0)
newfs_getattr(path="/", statbuf=0xf5469bb0)
newfs_getattr(path="/", statbuf=0xf5469bb0)
write_readdir(path="/", buf=0xf0000b00, filler=0xf5c5a220, offset=0, fi=0xf4c68c10)
newfs_getattr(path="/test_dir", statbuf=0xf5469be0)
newfs_mkdir: /test_dir
newfs_getattr(path="/test_dir", statbuf=0xf4c68be0)
write_readdir(path="/", buf=0xf0000b00, filler=0xf5c5a220, offset=0, fi=0xf4c68c10)
newfs_getattr(path="/test_file", statbuf=0xf5469be0)
newfs_create(path="/test_file", mode=0100664, fi=0xf4c68cd0)
newfs_getattr(path="/test_file", statbuf=0xf4c68ba0)
newfs_flush(path="/test_file", fi=0xf5469cd0)
newfs_utime(path="/test_file", ubuf=0xf4c68ad0)
newfs_getattr(path="/test_file", statbuf=0xf4c68b20)
newfs_flush(path="/test_file", fi=0xf5469cd0)
newfs_release(path="/test_file", fi=0xf4c68cd0)
write_readdir(path="/", buf=0xf0000b00, filler=0xf5c5a220, offset=0, fi=0xf4c68c10)
write_readdir(path="/", buf=0xf0000b00, filler=0xf5c5a220, offset=0, fi=0xf4c68c10)
newfs_getattr(path="/", statbuf=0xf5469bb0)
newfs_chmod(fpath="/test_file", mode=0100666)
newfs_getattr(path="/test_file", statbuf=0xf4c68b20)
write_readdir(path="/", buf=0xf0000b00, filler=0xf5c5a220, offset=0, fi=0xf4c68c10)
write_readdir(path="/", buf=0xf0000b00, filler=0xf5c5a220, offset=0, fi=0xf4c68c10)
newfs_getattr(path="/", statbuf=0xf5469bb0)
newfs_getattr(path="/", statbuf=0xf4c68bb0)
write_readdir(path="/", buf=0xf0000b00, filler=0xf5c5a220, offset=0, fi=0xf4c68c10)
newfs_getattr(path="/dir2", statbuf=0xf5469be0)
newfs_mkdir: /dir2
newfs_getattr(path="/dir2", statbuf=0xf4c68be0)
newfs_getattr(path="/file2", statbuf=0xf5469be0)
newfs_create(path="/file2", mode=0100664, fi=0xf4c68cd0)
newfs_getattr(path="/file2", statbuf=0xf4c68ba0)
newfs_flush(path="/file2", fi=0xf5469cd0)
newfs_utime(path="/file2", ubuf=0xf4c68ad0)
newfs_getattr(path="/file2", statbuf=0xf4c68b20)
newfs_flush(path="/file2", fi=0xf5469cd0)
newfs_release(path="/file2", fi=0xf4c68cd0)
write_readdir(path="/", buf=0xf0000b00, filler=0xf5c5a220, offset=0, fi=0xf4c68c10)
newfs_getattr(path="/", statbuf=0xf5469bb0)
newfs_getattr(path="/", statbuf=0xf4c68bb0)
newfs_getattr(path="/file", statbuf=0xf5469be0)
newfs_create(path="/file", mode=0100664, fi=0xf4c68cd0)
newfs_getattr(path="/file", statbuf=0xf4c68ba0)
newfs_flush(path="/file", fi=0xf5469cd0)
newfs_utime(path="/file", ubuf=0xf4c68ad0)
newfs_getattr(path="/file", statbuf=0xf4c68b20)
newfs_flush(path="/file", fi=0xf5469cd0)
newfs_release(path="/file", fi=0xf4c68cd0)
write_readdir(path="/", buf=0xf0000b00, filler=0xf5c5a220, offset=0, fi=0xf4c68c10)
newfs_getattr(path="/", statbuf=0xf5469bb0)
newfs_chmod(fpath="/file", mode=0100000)
newfs_getattr(path="/file", statbuf=0xf4c68b20)
write_readdir(path="/", buf=0xf0000b00, filler=0xf5c5a220, offset=0, fi=0xf4c68c10)
newfs_getattr(path="/", statbuf=0xf5469bb0)
newfs_chown(path="/file", uid=123, gid=456)
newfs_getattr(path="/file", statbuf=0xf4c68b20)
write_readdir(path="/", buf=0xf0000b00, filler=0xf5c5a220, offset=0, fi=0xf4c68c10)
newfs_getattr(path="/", statbuf=0xf5469bb0)
newfs_chown(path="/file", uid=456, gid=-1)
newfs_getattr(path="/file", statbuf=0xf4c68b20)
write_readdir(path="/", buf=0xf0000b00, filler=0xf5c5a220, offset=0, fi=0xf4c68c10)
newfs_getattr(path="/", statbuf=0xf5469bb0)
newfs_getattr(path="/test", statbuf=0xf4c68be0)
newfs_mkdir: /test
newfs_getattr(path="/test", statbuf=0xf5469be0)
write_readdir(path="/", buf=0xe8000990, filler=0xf5c5a220, offset=0, fi=0xf5469c10)
newfs_getattr(path="/", statbuf=0xf4c68bb0)
newfs_getattr(path="/", statbuf=0xf5469bb0)
write_readdir(path="/", buf=0xe8000990, filler=0xf5c5a220, offset=0, fi=0xf5469c10)
write_readdir(path="/", buf=0xe8000990, filler=0xf5c5a220, offset=0, fi=0xf5469c10)
newfs_getattr(path="/", statbuf=0xf4c68bb0)
newfs_open(path"/test_file", fi=0xf5469cd0)
newfs_flush(path="/test_file", fi=0xf4c68cd0)
newfs_utime(path="/test_file", ubuf=0xf4c68ad0)
newfs_getattr(path="/test_file", statbuf=0xf4c68b20)
newfs_flush(path="/test_file", fi=0xf5469cd0)
newfs_release(path="/test_file", fi=0xf4c68cd0)
write_readdir(path="/", buf=0xf0000c70, filler=0xf5c5a220, offset=0, fi=0xf4c68c10)
newfs_getattr(path="/", statbuf=0xf5469bb0)
newfs_getattr(path="/test_file2", statbuf=0xf4c68be0)
newfs_create(path="/test_file2", mode=0100664, fi=0xf5469cd0)
newfs_getattr(path="/test_file2", statbuf=0xf5469ba0)
newfs_flush(path="/test_file2", fi=0xf4c68cd0)
newfs_utime(path="/test_file2", ubuf=0xf5469ad0)
newfs_getattr(path="/test_file2", statbuf=0xf5469b20)
newfs_flush(path="/test_file2", fi=0xf4c68cd0)
newfs_release(path="/test_file2", fi=0xf5469cd0)
newfs_getattr(path="/test_dir2", statbuf=0xf4c68be0)
newfs_mkdir: /test_dir2
newfs_getattr(path="/test_dir2", statbuf=0xf5469be0)
write_readdir(path="/", buf=0xe8000990, filler=0xf5c5a220, offset=0, fi=0xf5469c10)
newfs_getattr(path="/", statbuf=0xf4c68bb0)
newfs_getattr(path="/", statbuf=0xf5469bb0)
write_readdir(path="/test_dir", buf=0xe8000990, filler=0xf5c5a220, offset=0, fi=0xf5469c10)
newfs_getattr(path="/test_dir/sub_dir", statbuf=0xf4c68be0)
newfs_mkdir: /test_dir/sub_dir
newfs_getattr(path="/test_dir/sub_dir", statbuf=0xf5469be0)
write_readdir(path="/test_dir", buf=0xe8000a20, filler=0xf5c5a220, offset=0, fi=0xf5469c10)
newfs_getattr(path="/test_dir", statbuf=0xf4c68bb0)
newfs_getattr(path="/test_dir/another_file", statbuf=0xf5469be0)
newfs_create(path="/test_dir/another_file", mode=0100664, fi=0xf4c68cd0)
newfs_getattr(path="/test_dir/another_file", statbuf=0xf4c68ba0)
newfs_flush(path="/test_dir/another_file", fi=0xf5469cd0)
newfs_utime(path="/test_dir/another_file", ubuf=0xf4c68ad0)
newfs_getattr(path="/test_dir/another_file", statbuf=0xf4c68b20)
newfs_flush(path="/test_dir/another_file", fi=0xf5469cd0)
newfs_release(path="/test_dir/another_file", fi=0xf4c68cd0)
write_readdir(path="/test_dir", buf=0xf0000c70, filler=0xf5c5a220, offset=0, fi=0xf4c68c10)
newfs_getattr(path="/test_dir", statbuf=0xf5469bb0)
newfs_getattr(path="/test_dir", statbuf=0xf4c68bb0)
newfs_open(path"/test_file", fi=0xf5469cd0)
newfs_truncate(path="/test_file", newsize=0)
newfs_getattr(path="/test_file", statbuf=0xf4c68b20)
newfs_flush(path="/test_file", fi=0xf5469cd0)
newfs_write(path="/test_file", buf=0xf624d060, size=15, offset=0, fi=0xf4c68d40)
newfs_flush(path="/test_file", fi=0xf5469cd0)
newfs_release(path="/test_file", fi=0xf4c68cd0)
newfs_open(path"/test_file", fi=0xf5469cd0)
newfs_getattr(path="/test_file", statbuf=0xf4c68bb0)
newfs_read(path="/test_file", buf=0xf0001480, size=4096, offset=0, fi=0xf5469cd0)
newfs_getattr(path="/test_file", statbuf=0xf4c68bb0)
newfs_flush(path="/test_file", fi=0xf5469cd0)
newfs_release(path="/test_file", fi=0xf4c68cd0)
newfs_open(path"/test_file2", fi=0xf5469cd0)
newfs_truncate(path="/test_file2", newsize=0)
newfs_getattr(path="/test_file2", statbuf=0xf4c68b20)
newfs_flush(path="/test_file2", fi=0xf5469cd0)
newfs_write(path="/test_file2", buf=0xf624d060, size=13, offset=0, fi=0xf4c68d40)
newfs_flush(path="/test_file2", fi=0xf5469cd0)
newfs_release(path="/test_file2", fi=0xf4c68cd0)
newfs_open(path"/test_file2", fi=0xf5469cd0)
newfs_getattr(path="/test_file2", statbuf=0xf4c68bb0)
newfs_read(path="/test_file2", buf=0xf00014d0, size=4096, offset=0, fi=0xf5469cd0)
newfs_getattr(path="/test_file2", statbuf=0xf4c68bb0)
newfs_flush(path="/test_file2", fi=0xf5469cd0)
newfs_release(path="/test_file2", fi=0xf4c68cd0)
write_readdir(path="/", buf=0xf0001370, filler=0xf5c5a220, offset=0, fi=0xf4c68c10)
newfs_getattr(path="/", statbuf=0xf5469bb0)
write_readdir(path="/", buf=0xe80096e0, filler=0xf5c5a220, offset=0, fi=0xf5469c10)
write_readdir(path="/test_dir", buf=0xf0001370, filler=0xf5c5a220, offset=0, fi=0xf4c68c10)
newfs_getattr(path="/test_dir", statbuf=0xf4c68bb0)
write_readdir(path="/test_dir", buf=0xf0001370, filler=0xf5c5a220, offset=0, fi=0xf4c68c10)
newfs_getattr(path="/test_dir/sub_dir", statbuf=0xf4c68be0)
write_readdir(path="/test_dir/sub_dir", buf=0xf00013f0, filler=0xf5c5a220, offset=0, fi=0xf4c68c10)
newfs_getattr(path="/test_dir/sub_dir", statbuf=0xf5469bb0)
newfs_getattr(path="/test_dir/another_file", statbuf=0xf5469be0)
newfs_unlink: /test_dir/another_file
newfs_getattr(path="/test_dir", statbuf=0xf5469bb0)
write_readdir(path="/", buf=0xe8009a70, filler=0xf5c5a220, offset=0, fi=0xf5469c10)
write_readdir(path="/", buf=0xe8009a70, filler=0xf5c5a220, offset=0, fi=0xf5469c10)
newfs_unlink: /test_file
write_readdir(path="/", buf=0xe8009a70, filler=0xf5c5a220, offset=0, fi=0xf5469c10)
newfs_unlink: /test_file2
newfs_getattr(path="/vim_test", statbuf=0xf4c68be0)
newfs_getattr(path="/vim_test", statbuf=0xf4c68be0)
newfs_getattr(path="/vim_test", statbuf=0xf5469be0)
newfs_getattr(path="/vim_test", statbuf=0xf4c68be0)
newfs_getattr(path="/vim_test", statbuf=0xf5469be0)
newfs_getattr(path="/vim_test", statbuf=0xf4c68be0)
newfs_getattr(path="/vim_test", statbuf=0xf5469be0)
newfs_getattr(path="/.vim_test.swp", statbuf=0xf4c68be0)
newfs_getattr(path="/.vim_test.swp", statbuf=0xf5469be0)
newfs_create(path="/.vim_test.swp", mode=0100600, fi=0xf4c68cd0)
newfs_getattr(path="/.vim_test.swp", statbuf=0xf4c68ba0)
newfs_getattr(path="/.vim_test.swpx", statbuf=0xf5469be0)
newfs_getattr(path="/.vim_test.swpx", statbuf=0xf4c68be0)
newfs_create(path="/.vim_test.swpx", mode=0100600, fi=0xf5469cd0)
newfs_getattr(path="/.vim_test.swpx", statbuf=0xf5469ba0)
newfs_flush(path="/.vim_test.swpx", fi=0xf4c68cd0)
newfs_release(path="/.vim_test.swpx", fi=0xf5469cd0)
newfs_unlink: /.vim_test.swpx
newfs_flush(path="/.vim_test.swp", fi=0xf4c68cd0)
newfs_release(path="/.vim_test.swp", fi=0xf5469cd0)
newfs_unlink: /.vim_test.swp
newfs_getattr(path="/.vim_test.swp", statbuf=0xf5469be0)
newfs_getattr(path="/.vim_test.swp", statbuf=0xefffebe0)
newfs_getattr(path="/.vim_test.swp", statbuf=0xf4c68be0)
newfs_getattr(path="/.vim_test.swp", statbuf=0xf5469be0)
newfs_create(path="/.vim_test.swp", mode=0100600, fi=0xefffecd0)
newfs_getattr(path="/.vim_test.swp", statbuf=0xefffeba0)
newfs_write(path="/.vim_test.swp", buf=0xf624d060, size=4096, offset=0, fi=0xf4c68d40)
newfs_getattr(path="/vim_test", statbuf=0xf4c68be0)
newfs_getattr(path="/vim_test", statbuf=0xf5469be0)
newfs_write(path="/.vim_test.swp", buf=0xf622b060, size=4096, offset=4096, fi=0xefffed40)
newfs_write(path="/.vim_test.swp", buf=0xf624d060, size=4096, offset=8192, fi=0xf4c68d40)
newfs_write(path="/.vim_test.swp", buf=0xf626f060, size=4096, offset=0, fi=0xf5469d40)
newfs_write(path="/.vim_test.swp", buf=0xf622b060, size=4096, offset=8192, fi=0xefffed40)
newfs_write(path="/.vim_test.swp", buf=0xf626f060, size=4096, offset=8192, fi=0xf5469d40)
newfs_write(path="/.vim_test.swp", buf=0xf622b060, size=4096, offset=4096, fi=0xefffed40)
newfs_flush(path="/.vim_test.swp", fi=0xf4c68cd0)
newfs_release(path="/.vim_test.swp", fi=0xf5469cd0)
newfs_getattr(path="/vim_test", statbuf=0xefffebe0)
write_readdir(path="/", buf=0xe8009ba0, filler=0xf5c5a220, offset=0, fi=0xf5469c10)
newfs_getattr(path="/", statbuf=0xefffebb0)
newfs_getattr(path="/dir2", statbuf=0xf4c68be0)
newfs_getattr(path="/file2", statbuf=0xf5469be0)
newfs_getattr(path="/file", statbuf=0xefffebe0)
newfs_getattr(path="/test", statbuf=0xf4c68be0)
newfs_getattr(path="/.vim_test.swp", statbuf=0xf5469be0)
newfs_getattr(path="/vim_test", statbuf=0xf5469be0)
newfs_getattr(path="/vim_test", statbuf=0xefffebe0)
newfs_getattr(path="/vim_test", statbuf=0xf4c68be0)
newfs_getattr(path="/vim_test", statbuf=0xf5469be0)
write_readdir(path="/", buf=0xe4000990, filler=0xf5c5a220, offset=0, fi=0xf4c68c10)
newfs_getattr(path="/", statbuf=0xf5469bb0)
newfs_getattr(path="/vim_test", statbuf=0xf5469be0)
newfs_getattr(path="/vim_test", statbuf=0xefffebe0)
newfs_getattr(path="/vim_test", statbuf=0xf4c68be0)
newfs_getattr(path="/vim_test", statbuf=0xf5469be0)
write_readdir(path="/", buf=0xe4000990, filler=0xf5c5a220, offset=0, fi=0xf4c68c10)
newfs_getattr(path="/", statbuf=0xf5469bb0)
newfs_getattr(path="/vim_test", statbuf=0xf5469be0)
newfs_getattr(path="/vim_test", statbuf=0xefffebe0)
write_readdir(path="/", buf=0xe8009ba0, filler=0xf5c5a220, offset=0, fi=0xf5469c10)
newfs_getattr(path="/", statbuf=0xefffebb0)
newfs_getattr(path="/vim_test", statbuf=0xefffebe0)
newfs_getattr(path="/vim_test", statbuf=0xf4c68be0)
write_readdir(path="/", buf=0xf0001370, filler=0xf5c5a220, offset=0, fi=0xefffec10)
newfs_getattr(path="/", statbuf=0xf4c68bb0)
newfs_getattr(path="/perm_dir", statbuf=0xf4c68be0)
newfs_mkdir: /perm_dir
newfs_getattr(path="/perm_dir", statbuf=0xf5469be0)
write_readdir(path="/", buf=0xe4008d40, filler=0xf5c5a220, offset=0, fi=0xf4c68c10)
newfs_getattr(path="/", statbuf=0xf5469bb0)
newfs_chmod(fpath="/perm_dir", mode=040022)
newfs_getattr(path="/perm_dir", statbuf=0xf5469b20)
write_readdir(path="/", buf=0xe4008d40, filler=0xf5c5a220, offset=0, fi=0xf4c68c10)
newfs_getattr(path="/", statbuf=0xf5469bb0)
newfs_chmod(fpath="/perm_dir", mode=040777)
newfs_getattr(path="/perm_dir", statbuf=0xf5469b20)
write_readdir(path="/", buf=0xe4008d40, filler=0xf5c5a220, offset=0, fi=0xf4c68c10)
newfs_getattr(path="/", statbuf=0xf5469bb0)
newfs_chown(path="/perm_dir", uid=1000, gid=-1)
newfs_getattr(path="/perm_dir", statbuf=0xf5469b20)
write_readdir(path="/", buf=0xe4008d40, filler=0xf5c5a220, offset=0, fi=0xf4c68c10)
newfs_getattr(path="/", statbuf=0xf5469bb0)
newfs_chown(path="/perm_dir", uid=123, gid=456)
newfs_getattr(path="/perm_dir", statbuf=0xf5469b20)
write_readdir(path="/", buf=0xe4008d40, filler=0xf5c5a220, offset=0, fi=0xf4c68c10)
newfs_getattr(path="/", statbuf=0xf5469bb0)
newfs_chown(path="/perm_dir", uid=234, gid=-1)
newfs_getattr(path="/perm_dir", statbuf=0xf5469b20)
write_readdir(path="/", buf=0xe4008d40, filler=0xf5c5a220, offset=0, fi=0xf4c68c10)
newfs_getattr(path="/", statbuf=0xf5469bb0)
newfs_chown(path="/perm_dir", uid=234, gid=1000)
newfs_getattr(path="/perm_dir", statbuf=0xf5469b20)
write_readdir(path="/", buf=0xe4008d40, filler=0xf5c5a220, offset=0, fi=0xf4c68c10)
newfs_getattr(path="/", statbuf=0xf5469bb0)
newfs_chown(path="/perm_dir", uid=1000, gid=1000)
newfs_getattr(path="/perm_dir", statbuf=0xf5469b20)
newfs_chown(path="/perm_dir", uid=234, gid=-1)
newfs_getattr(path="/perm_dir", statbuf=0xefffeb20)
write_readdir(path="/", buf=0xe8009ba0, filler=0xf5c5a220, offset=0, fi=0xf5469c10)
newfs_getattr(path="/", statbuf=0xefffebb0)
newfs_chown(path="/perm_dir", uid=234, gid=567)
newfs_getattr(path="/perm_dir", statbuf=0xefffeb20)
write_readdir(path="/", buf=0xe8009ba0, filler=0xf5c5a220, offset=0, fi=0xf5469c10)
newfs_getattr(path="/", statbuf=0xefffebb0)
newfs_chown(path="/perm_dir", uid=1000, gid=1000)
newfs_getattr(path="/perm_dir", statbuf=0xefffeb20)
write_readdir(path="/", buf=0xe8009ba0, filler=0xf5c5a220, offset=0, fi=0xf5469c10)
newfs_getattr(path="/", statbuf=0xefffebb0)
newfs_getattr(path="/012456789012456789012456789012456789012456789012456789012456789012456789012456789012456789012456789012456789012456789012456789012456789012456789012456789012456789012456789012456789012456789012456789012456789012456789012456789012456789", statbuf=0xefffebe0)
newfs_create(path="/012456789012456789012456789012456789012456789012456789012456789012456789012456789012456789012456789012456789012456789012456789012456789012456789012456789012456789012456789012456789012456789012456789012456789012456789012456789012456789", mode=0100664, fi=0xf4c68cd0)
newfs_getattr(path="/012456789012456789012456789012456789012456789012456789012456789012456789012456789012456789012456789012456789012456789012456789012456789012456789012456789012456789012456789012456789012456789012456789012456789012456789012456789012456789", statbuf=0xf4c68ba0)
newfs_flush(path="/012456789012456789012456789012456789012456789012456789012456789012456789012456789012456789012456789012456789012456789012456789012456789012456789012456789012456789012456789012456789012456789012456789012456789012456789012456789012456789", fi=0xf5469cd0)
newfs_utime(path="/012456789012456789012456789012456789012456789012456789012456789012456789012456789012456789012456789012456789012456789012456789012456789012456789012456789012456789012456789012456789012456789012456789012456789012456789012456789012456789", ubuf=0xefffead0)
newfs_getattr(path="/012456789012456789012456789012456789012456789012456789012456789012456789012456789012456789012456789012456789012456789012456789012456789012456789012456789012456789012456789012456789012456789012456789012456789012456789012456789012456789", statbuf=0xefffeb20)
newfs_flush(path="/012456789012456789012456789012456789012456789012456789012456789012456789012456789012456789012456789012456789012456789012456789012456789012456789012456789012456789012456789012456789012456789012456789012456789012456789012456789012456789", fi=0xf4c68cd0)
newfs_release(path="/012456789012456789012456789012456789012456789012456789012456789012456789012456789012456789012456789012456789012456789012456789012456789012456789012456789012456789012456789012456789012456789012456789012456789012456789012456789012456789", fi=0xf5469cd0)
write_readdir(path="/", buf=0xe4008d40, filler=0xf5c5a220, offset=0, fi=0xf4c68c10)
newfs_getattr(path="/", statbuf=0xf5469bb0)
newfs_getattr(path="/012456789012456789012456789012456789012456789012456789012456789012456789012456789012456789012456789012456789012456789012456789012456789012456789012456789012456789012456789012456789012456789012456789012456789012456789012456789012456789012456789012456789012456789012456789012456789012456789012456789012456789012456789012456789012456789012456789012456789012456789012456789012456789012456789012456789012456789012456789012456789012456789012456789012456789012456789012456789", statbuf=0xf5469be0)
newfs_create(path="/012456789012456789012456789012456789012456789012456789012456789012456789012456789012456789012456789012456789012456789012456789012456789012456789012456789012456789012456789012456789012456789012456789012456789012456789012456789012456789012456789012456789012456789012456789012456789012456789012456789012456789012456789012456789012456789012456789012456789012456789012456789012456789012456789012456789012456789012456789012456789012456789012456789012456789012456789012456789", mode=0100664, fi=0xefffecd0)
newfs_getattr(path="/012456789012456789012456789012456789012456789012456789012456789012456789012456789012456789012456789012456789012456789012456789012456789012456789012456789012456789012456789012456789012456789012456789012456789012456789012456789012456789012456789012456789012456789012456789012456789012456789012456789012456789012456789012456789012456789012456789012456789012456789012456789012456789012456789012456789012456789012456789012456789012456789012456789012456789012456789012456789", statbuf=0xefffeba0)
newfs_flush(path="/012456789012456789012456789012456789012456789012456789012456789012456789012456789012456789012456789012456789012456789012456789012456789012456789012456789012456789012456789012456789012456789012456789012456789012456789012456789012456789012456789012456789012456789012456789012456789012456789012456789012456789012456789012456789012456789012456789012456789012456789012456789012456789012456789012456789012456789012456789012456789012456789012456789012456789012456789012456789", fi=0xf4c68cd0)
newfs_utime(path="/012456789012456789012456789012456789012456789012456789012456789012456789012456789012456789012456789012456789012456789012456789012456789012456789012456789012456789012456789012456789012456789012456789012456789012456789012456789012456789012456789012456789012456789012456789012456789012456789012456789012456789012456789012456789012456789012456789012456789012456789012456789012456789012456789012456789012456789012456789012456789012456789012456789012456789012456789012456789", ubuf=0xf5469ad0)
newfs_getattr(path="/012456789012456789012456789012456789012456789012456789012456789012456789012456789012456789012456789012456789012456789012456789012456789012456789012456789012456789012456789012456789012456789012456789012456789012456789012456789012456789012456789012456789012456789012456789012456789012456789012456789012456789012456789012456789012456789012456789012456789012456789012456789012456789012456789012456789012456789012456789012456789012456789012456789012456789012456789012456789", statbuf=0xf5469b20)
newfs_flush(path="/012456789012456789012456789012456789012456789012456789012456789012456789012456789012456789012456789012456789012456789012456789012456789012456789012456789012456789012456789012456789012456789012456789012456789012456789012456789012456789012456789012456789012456789012456789012456789012456789012456789012456789012456789012456789012456789012456789012456789012456789012456789012456789012456789012456789012456789012456789012456789012456789012456789012456789012456789012456789", fi=0xefffecd0)
newfs_release(path="/012456789012456789012456789012456789012456789012456789012456789012456789012456789012456789012456789012456789012456789012456789012456789012456789012456789012456789012456789012456789012456789012456789012456789012456789012456789012456789012456789012456789012456789012456789012456789012456789012456789012456789012456789012456789012456789012456789012456789012456789012456789012456789012456789012456789012456789012456789012456789012456789012456789012456789012456789012456789", fi=0xf4c68cd0)
write_readdir(path="/", buf=0xf0000c70, filler=0xf5c5a220, offset=0, fi=0xefffec10)
newfs_getattr(path="/", statbuf=0xf4c68bb0)
newfs_getattr(path="/vim_test", statbuf=0xf4c68be0)
newfs_getattr(path="/vim_test", statbuf=0xf5469be0)
newfs_getattr(path="/vim_test", statbuf=0xefffebe0)
newfs_getattr(path="/vim_test", statbuf=0xf4c68be0)
newfs_getattr(path="/vim_test", statbuf=0xefffebe0)
newfs_getattr(path="/vim_test", statbuf=0xf5469be0)
newfs_getattr(path="/vim_test", statbuf=0xf4c68be0)
newfs_getattr(path="/vim_test", statbuf=0xefffebe0)
newfs_getattr(path="/vim_test", statbuf=0xf5469be0)
newfs_getattr(path="/vim_test", statbuf=0xf4c68be0)
newfs_getattr(path="/.vim_test.swp", statbuf=0xefffebe0)
newfs_open(path"/.vim_test.swp", fi=0xf5469cd0)
newfs_getattr(path="/.vim_test.swpx", statbuf=0xf4c68be0)
newfs_getattr(path="/.vim_test.swpx", statbuf=0xefffebe0)
newfs_create(path="/.vim_test.swpx", mode=0100600, fi=0xf5469cd0)
newfs_getattr(path="/.vim_test.swpx", statbuf=0xf5469ba0)
newfs_flush(path="/.vim_test.swpx", fi=0xf4c68cd0)
newfs_release(path="/.vim_test.swpx", fi=0xefffecd0)
newfs_unlink: /.vim_test.swpx
newfs_flush(path="/.vim_test.swp", fi=0xf5469cd0)
newfs_release(path="/.vim_test.swp", fi=0xefffecd0)
newfs_getattr(path="/.vim_test.swx", statbuf=0xf4c68be0)
newfs_open(path"/.vim_test.swp", fi=0xf5469cd0)
newfs_read(path="/.vim_test.swp", buf=0xe4009e20, size=16384, offset=0, fi=0xefffecd0)
newfs_flush(path="/.vim_test.swp", fi=0xf4c68cd0)
newfs_release(path="/.vim_test.swp", fi=0xf5469cd0)
newfs_getattr(path="/.vim_test.swp", statbuf=0xefffebb0)
newfs_open(path"/.vim_test.swp", fi=0xf4c68cd0)
newfs_read(path="/.vim_test.swp", buf=0xf000a0a0, size=16384, offset=0, fi=0xf5469cd0)
newfs_flush(path="/.vim_test.swp", fi=0xefffecd0)
newfs_release(path="/.vim_test.swp", fi=0xf4c68cd0)
newfs_getattr(path="/vim_test", statbuf=0xf5469be0)
newfs_getattr(path="/", statbuf=0xefffebb0)
newfs_getattr(path="/", statbuf=0xf4c68bb0)
newfs_getattr(path="/", statbuf=0xf5469bb0)
write_readdir(path="/", buf=0xe4009320, filler=0xf5c5a220, offset=0, fi=0xf4c68c10)
newfs_getattr(path="/dir2", statbuf=0xf5469be0)
newfs_getattr(path="/file2", statbuf=0xefffebe0)
newfs_getattr(path="/file", statbuf=0xf4c68be0)
newfs_getattr(path="/test", statbuf=0xf5469be0)
newfs_getattr(path="/perm_dir", statbuf=0xefffebe0)
newfs_getattr(path="/012456789012456789012456789012456789012456789012456789012456789012456789012456789012456789012456789012456789012456789012456789012456789012456789012456789012456789012456789012456789012456789012456789012456789012456789012456789012456789", statbuf=0xf4c68be0)
newfs_getattr(path="/012456789012456789012456789012456789012456789012456789012456789012456789012456789012456789012456789012456789012456789012456789012456789012456789012456789012456789012456789012456789012456789012456789012456789012456789012456789012456789012456789012456789012456789012456789012456789012456789012456789012456789012456789012456789012456789012456789012456789012456789012456789012456789012456789012456789012456789012456789012456789012456789012456789012456789012456789012456789", statbuf=0xf5469be0)
newfs_getattr(path="/", statbuf=0xf5469bb0)
write_readdir(path="/", buf=0xe4009320, filler=0xf5c5a220, offset=0, fi=0xf4c68c10)
write_readdir(path="/", buf=0xe8009ba0, filler=0xf5c5a220, offset=0, fi=0xf5469c10)
write_readdir(path="/", buf=0xf0009930, filler=0xf5c5a220, offset=0, fi=0xefffec10)
newfs_getattr(path="/test", statbuf=0xefffebe0)
newfs_getattr(path="/", statbuf=0xf4c68bb0)
newfs_getattr(path="/test", statbuf=0xf5469bb0)
write_readdir(path="/test", buf=0xe40092d0, filler=0xf5c5a220, offset=0, fi=0xf4c68c10)
newfs_getattr(path="/test", statbuf=0xf4c68bb0)
newfs_getattr(path="/test", statbuf=0xf5469bb0)
newfs_getattr(path="/", statbuf=0xefffebb0)
newfs_getattr(path="/test", statbuf=0xf4c68be0)
write_readdir(path="/", buf=0xf0009930, filler=0xf5c5a220, offset=0, fi=0xefffec10)
write_readdir(path="/", buf=0xe40092d0, filler=0xf5c5a220, offset=0, fi=0xf4c68c10)
write_readdir(path="/", buf=0xe800a140, filler=0xf5c5a220, offset=0, fi=0xf5469c10)
newfs_getattr(path="/dir2", statbuf=0xf4c68be0)
newfs_getattr(path="/", statbuf=0xefffebb0)
newfs_getattr(path="/dir2", statbuf=0xf5469bb0)
write_readdir(path="/dir2", buf=0xe800a140, filler=0xf5c5a220, offset=0, fi=0xefffec10)
newfs_getattr(path="/dir2", statbuf=0xefffebb0)
write_readdir(path="/dir2", buf=0xf0009930, filler=0xf5c5a220, offset=0, fi=0xf4c68c10)
write_readdir(path="/dir2", buf=0xe800a140, filler=0xf5c5a220, offset=0, fi=0xefffec10)
write_readdir(path="/dir2", buf=0xe4009780, filler=0xf5c5a220, offset=0, fi=0xf5469c10)
write_readdir(path="/dir2", buf=0xf0009930, filler=0xf5c5a220, offset=0, fi=0xf4c68c10)
write_readdir(path="/dir2", buf=0xe800a140, filler=0xf5c5a220, offset=0, fi=0xefffec10)
write_readdir(path="/dir2", buf=0xe4009780, filler=0xf5c5a220, offset=0, fi=0xf5469c10)
write_readdir(path="/dir2", buf=0xf0009930, filler=0xf5c5a220, offset=0, fi=0xf4c68c10)
write_readdir(path="/dir2", buf=0xe800a160, filler=0xf5c5a220, offset=0, fi=0xefffec10)
write_readdir(path="/dir2", buf=0xe4009780, filler=0xf5c5a220, offset=0, fi=0xf5469c10)
write_readdir(path="/dir2", buf=0xf0009da0, filler=0xf5c5a220, offset=0, fi=0xf4c68c10)
write_readdir(path="/dir2", buf=0xe800a180, filler=0xf5c5a220, offset=0, fi=0xefffec10)
write_readdir(path="/dir2", buf=0xe4009780, filler=0xf5c5a220, offset=0, fi=0xf5469c10)
newfs_getattr(path="/dir2", statbuf=0xf5469bb0)
newfs_getattr(path="/", statbuf=0xf4c68bb0)
newfs_getattr(path="/dir2", statbuf=0xefffebe0)
write_readdir(path="/", buf=0xf0009da0, filler=0xf5c5a220, offset=0, fi=0xf4c68c10)
write_readdir(path="/", buf=0xe800a180, filler=0xf5c5a220, offset=0, fi=0xefffec10)
write_readdir(path="/", buf=0xe4009780, filler=0xf5c5a220, offset=0, fi=0xf5469c10)
newfs_getattr(path="/file2", statbuf=0xf5469be0)
newfs_getattr(path="/file", statbuf=0xf4c68be0)
write_readdir(path="/", buf=0xe4009780, filler=0xf5c5a220, offset=0, fi=0xf5469c10)
newfs_getattr(path="/", statbuf=0xf5469bb0)
newfs_open(path"/file", fi=0xf4c68cd0)
newfs_read(path="/file", buf=0xe4009f30, size=4096, offset=0, fi=0xefffecd0)
newfs_flush(path="/file", fi=0xf5469cd0)
newfs_release(path="/file", fi=0xf4c68cd0)
newfs_getattr(path="/", statbuf=0xefffebb0)
newfs_getattr(path="/file2", statbuf=0xf5469be0)
newfs_open(path"/file2", fi=0xf4c68cd0)
newfs_read(path="/file2", buf=0xe4009f30, size=4096, offset=0, fi=0xefffecd0)
newfs_flush(path="/file2", fi=0xf5469cd0)
newfs_release(path="/file2", fi=0xf4c68cd0)
newfs_getattr(path="/", statbuf=0xefffebb0)
write_readdir(path="/", buf=0xf0009da0, filler=0xf5c5a220, offset=0, fi=0xf4c68c10)
newfs_getattr(path="/", statbuf=0xefffebb0)
newfs_getattr(path="/dir2", statbuf=0xf5469be0)
newfs_getattr(path="/file2", statbuf=0xf4c68be0)
newfs_getattr(path="/file", statbuf=0xefffebe0)
newfs_getattr(path="/test", statbuf=0xf5469be0)
newfs_getattr(path="/.vim_test.swp", statbuf=0xf4c68be0)
newfs_getattr(path="/perm_dir", statbuf=0xefffebe0)
newfs_getattr(path="/012456789012456789012456789012456789012456789012456789012456789012456789012456789012456789012456789012456789012456789012456789012456789012456789012456789012456789012456789012456789012456789012456789012456789012456789012456789012456789", statbuf=0xf5469be0)
newfs_getattr(path="/012456789012456789012456789012456789012456789012456789012456789012456789012456789012456789012456789012456789012456789012456789012456789012456789012456789012456789012456789012456789012456789012456789012456789012456789012456789012456789012456789012456789012456789012456789012456789012456789012456789012456789012456789012456789012456789012456789012456789012456789012456789012456789012456789012456789012456789012456789012456789012456789012456789012456789012456789012456789", statbuf=0xf4c68be0)
newfs_getattr(path="/", statbuf=0xf4c68bb0)
newfs_getattr(path="/", statbuf=0xefffebb0)
newfs_getattr(path="/", statbuf=0xf5469bb0)
